{
 "cells": [
  {
   "cell_type": "markdown",
   "metadata": {
    "toc": "true"
   },
   "source": [
    "# Table of Contents\n",
    " <p><div class=\"lev1 toc-item\"><a href=\"#PostgreSQL-Functions\" data-toc-modified-id=\"PostgreSQL-Functions-1\"><span class=\"toc-item-num\">1&nbsp;&nbsp;</span>PostgreSQL Functions</a></div><div class=\"lev2 toc-item\"><a href=\"#PostgreSQL-Function-Syntax\" data-toc-modified-id=\"PostgreSQL-Function-Syntax-11\"><span class=\"toc-item-num\">1.1&nbsp;&nbsp;</span>PostgreSQL Function Syntax</a></div><div class=\"lev2 toc-item\"><a href=\"#Very-Simple-Example\" data-toc-modified-id=\"Very-Simple-Example-12\"><span class=\"toc-item-num\">1.2&nbsp;&nbsp;</span>Very Simple Example</a></div><div class=\"lev4 toc-item\"><a href=\"#Example-Function\" data-toc-modified-id=\"Example-Function-1201\"><span class=\"toc-item-num\">1.2.0.1&nbsp;&nbsp;</span>Example Function</a></div><div class=\"lev2 toc-item\"><a href=\"#SQL-Function-Example:\" data-toc-modified-id=\"SQL-Function-Example:-13\"><span class=\"toc-item-num\">1.3&nbsp;&nbsp;</span>SQL Function Example:</a></div><div class=\"lev1 toc-item\"><a href=\"#PostgreSQL-Extensions\" data-toc-modified-id=\"PostgreSQL-Extensions-2\"><span class=\"toc-item-num\">2&nbsp;&nbsp;</span>PostgreSQL Extensions</a></div>"
   ]
  },
  {
   "cell_type": "markdown",
   "metadata": {},
   "source": [
    "# PostgreSQL Functions\n",
    "\n",
    "In PostgreSQL, stored procedures are called _Functions_.\n",
    "PostgreSQL functions allow you to carry out operations that would normally take several queries and round trips in a single function within the database. \n",
    "\n",
    "Functions allow database reuse as other applications can interact directly with your stored procedures instead of a middle-tier or duplicating code.\n",
    "\n",
    "In PostgreSQL, functions can be created in language of your choice like _SQL_, _PL/pgSQL_, _C_, _Python_, etc.\n",
    "\n",
    "PostgreSQL is very extensible in this regard.\n"
   ]
  },
  {
   "cell_type": "markdown",
   "metadata": {
    "collapsed": true
   },
   "source": [
    "## PostgreSQL Function Syntax\n",
    "\n",
    "```SQL\n",
    "CREATE [OR REPLACE] FUNCTION function_name (arguments) \n",
    "RETURNS return_datatype AS $variable_name$\n",
    "  DECLARE\n",
    "    declaration;\n",
    "    [...]\n",
    "  BEGIN\n",
    "    < function_body >\n",
    "    [...]\n",
    "    RETURN { variable_name | value }\n",
    "  END; LANGUAGE plpgsql;\n",
    "```\n",
    "\n",
    "Where,\n",
    "\n",
    "  * function-name specifies the name of the function.\n",
    "  * [OR REPLACE] option allows modifying an existing function.\n",
    "  * The function must contain a return statement.\n",
    "  * RETURN clause specifies that data type you are going to return from the function. The return_datatype can be a base, composite, or domain type, or can reference the type of a table column.\n",
    "  * function-body contains the executable part.\n",
    "  * The AS keyword is used for creating a standalone function.\n",
    "  * plpgsql is the name of the language that the function is implemented in. Here, we use this option for PostgreSQL, it Can be SQL, C, internal, or the name of a user-defined procedural language. For backward compatibility, the name can be enclosed by single quotes.\n"
   ]
  },
  {
   "cell_type": "markdown",
   "metadata": {
    "collapsed": true
   },
   "source": [
    "## Very Simple Example\n",
    "\n",
    "Think back to this practice question from Day 2:\n",
    "\n",
    "    List each film title and the number of actors in that film.\n",
    "\n",
    "Which we could have answered with this SQL\n",
    "\n",
    "```SQL\n",
    "SELECT film.title, count(*)\n",
    "FROM film_actor JOIN film USING (film_id)\n",
    "GROUP BY film.title;\n",
    "```\n",
    "So, looking at the first 10 rows of that result in Film Title order:"
   ]
  },
  {
   "cell_type": "code",
   "execution_count": 1,
   "metadata": {},
   "outputs": [
    {
     "data": {
      "text/plain": [
       "'Connected: dsa_ro_user@dvdrental'"
      ]
     },
     "execution_count": 1,
     "metadata": {},
     "output_type": "execute_result"
    }
   ],
   "source": [
    "%load_ext sql\n",
    "%sql postgres://dsa_ro_user:readonly@pgsql.dsa.lan/dvdrental"
   ]
  },
  {
   "cell_type": "code",
   "execution_count": 2,
   "metadata": {},
   "outputs": [
    {
     "name": "stdout",
     "output_type": "stream",
     "text": [
      " * postgres://dsa_ro_user:***@pgsql.dsa.lan/dvdrental\n",
      "10 rows affected.\n"
     ]
    },
    {
     "data": {
      "text/html": [
       "<table>\n",
       "    <tr>\n",
       "        <th>title</th>\n",
       "        <th>count</th>\n",
       "    </tr>\n",
       "    <tr>\n",
       "        <td>Academy Dinosaur</td>\n",
       "        <td>10</td>\n",
       "    </tr>\n",
       "    <tr>\n",
       "        <td>Ace Goldfinger</td>\n",
       "        <td>4</td>\n",
       "    </tr>\n",
       "    <tr>\n",
       "        <td>Adaptation Holes</td>\n",
       "        <td>5</td>\n",
       "    </tr>\n",
       "    <tr>\n",
       "        <td>Affair Prejudice</td>\n",
       "        <td>5</td>\n",
       "    </tr>\n",
       "    <tr>\n",
       "        <td>African Egg</td>\n",
       "        <td>5</td>\n",
       "    </tr>\n",
       "    <tr>\n",
       "        <td>Agent Truman</td>\n",
       "        <td>7</td>\n",
       "    </tr>\n",
       "    <tr>\n",
       "        <td>Airplane Sierra</td>\n",
       "        <td>5</td>\n",
       "    </tr>\n",
       "    <tr>\n",
       "        <td>Airport Pollock</td>\n",
       "        <td>4</td>\n",
       "    </tr>\n",
       "    <tr>\n",
       "        <td>Alabama Devil</td>\n",
       "        <td>9</td>\n",
       "    </tr>\n",
       "    <tr>\n",
       "        <td>Aladdin Calendar</td>\n",
       "        <td>8</td>\n",
       "    </tr>\n",
       "</table>"
      ],
      "text/plain": [
       "[('Academy Dinosaur', 10),\n",
       " ('Ace Goldfinger', 4),\n",
       " ('Adaptation Holes', 5),\n",
       " ('Affair Prejudice', 5),\n",
       " ('African Egg', 5),\n",
       " ('Agent Truman', 7),\n",
       " ('Airplane Sierra', 5),\n",
       " ('Airport Pollock', 4),\n",
       " ('Alabama Devil', 9),\n",
       " ('Aladdin Calendar', 8)]"
      ]
     },
     "execution_count": 2,
     "metadata": {},
     "output_type": "execute_result"
    }
   ],
   "source": [
    "%%sql\n",
    "SELECT film.title, count(*)\n",
    "FROM film_actor JOIN film USING (film_id)\n",
    "GROUP BY film.title\n",
    "ORDER BY film.title\n",
    "LIMIT 10;"
   ]
  },
  {
   "cell_type": "markdown",
   "metadata": {
    "collapsed": true
   },
   "source": [
    "#### Example Function\n",
    "\n",
    "```SQL\n",
    "CREATE OR REPLACE FUNCTION totalActors (vFilmID integer)\n",
    "RETURNS integer AS $$\n",
    "declare\n",
    "total integer;\n",
    "BEGIN\n",
    "   SELECT count(*) into total \n",
    "   FROM film_actor\n",
    "   WHERE film_id = $1;\n",
    "                \n",
    "   RETURN total;\n",
    "END;\n",
    "$$                             \n",
    "SECURITY DEFINER \n",
    "STRICT\n",
    "LANGUAGE plpgsql;\n",
    "```\n",
    "\n",
    "This function is written in the PL/pgSQL language, which is specific to PostgreSQL and very similar to Oracle PL/SQL.\n",
    "The PL/pgSQL lanuage could be a bootcamp all its own.\n",
    "We encourage you to explore this capability of the database further after you have developed more indepth understanding and comfort with the basics of databases and SQL.\n",
    " * https://www.postgresql.org/docs/9.5/static/plpgsql.html\n",
    "\n",
    "\n",
    "\n",
    "** Examining the Fuction record: **\n",
    "\n",
    "```SQL\n",
    "dvdrental=# \\df totalActors\n",
    "                           List of functions\n",
    " Schema |    Name     | Result data type | Argument data types |  Type  \n",
    "--------+-------------+------------------+---------------------+--------\n",
    " public | totalactors | integer          | vfilmid integer     | normal\n",
    "(1 row)\n",
    "```\n",
    "\n",
    "Now, let's rewrite the SQL above to use our function!\n"
   ]
  },
  {
   "cell_type": "code",
   "execution_count": 3,
   "metadata": {},
   "outputs": [
    {
     "name": "stdout",
     "output_type": "stream",
     "text": [
      " * postgres://dsa_ro_user:***@pgsql.dsa.lan/dvdrental\n",
      "10 rows affected.\n"
     ]
    },
    {
     "data": {
      "text/html": [
       "<table>\n",
       "    <tr>\n",
       "        <th>title</th>\n",
       "        <th>totalactors</th>\n",
       "    </tr>\n",
       "    <tr>\n",
       "        <td>Academy Dinosaur</td>\n",
       "        <td>10</td>\n",
       "    </tr>\n",
       "    <tr>\n",
       "        <td>Ace Goldfinger</td>\n",
       "        <td>4</td>\n",
       "    </tr>\n",
       "    <tr>\n",
       "        <td>Adaptation Holes</td>\n",
       "        <td>5</td>\n",
       "    </tr>\n",
       "    <tr>\n",
       "        <td>Affair Prejudice</td>\n",
       "        <td>5</td>\n",
       "    </tr>\n",
       "    <tr>\n",
       "        <td>African Egg</td>\n",
       "        <td>5</td>\n",
       "    </tr>\n",
       "    <tr>\n",
       "        <td>Agent Truman</td>\n",
       "        <td>7</td>\n",
       "    </tr>\n",
       "    <tr>\n",
       "        <td>Airplane Sierra</td>\n",
       "        <td>5</td>\n",
       "    </tr>\n",
       "    <tr>\n",
       "        <td>Airport Pollock</td>\n",
       "        <td>4</td>\n",
       "    </tr>\n",
       "    <tr>\n",
       "        <td>Alabama Devil</td>\n",
       "        <td>9</td>\n",
       "    </tr>\n",
       "    <tr>\n",
       "        <td>Aladdin Calendar</td>\n",
       "        <td>8</td>\n",
       "    </tr>\n",
       "</table>"
      ],
      "text/plain": [
       "[('Academy Dinosaur', 10),\n",
       " ('Ace Goldfinger', 4),\n",
       " ('Adaptation Holes', 5),\n",
       " ('Affair Prejudice', 5),\n",
       " ('African Egg', 5),\n",
       " ('Agent Truman', 7),\n",
       " ('Airplane Sierra', 5),\n",
       " ('Airport Pollock', 4),\n",
       " ('Alabama Devil', 9),\n",
       " ('Aladdin Calendar', 8)]"
      ]
     },
     "execution_count": 3,
     "metadata": {},
     "output_type": "execute_result"
    }
   ],
   "source": [
    "%%sql\n",
    "SELECT title, totalActors(film_id)\n",
    "FROM film\n",
    "ORDER BY title\n",
    "LIMIT 10;"
   ]
  },
  {
   "cell_type": "markdown",
   "metadata": {},
   "source": [
    "In this case, we have used this simple function to simplify a query.\n",
    "\n",
    "However, there is sometimes a trade off!"
   ]
  },
  {
   "cell_type": "code",
   "execution_count": 4,
   "metadata": {},
   "outputs": [
    {
     "name": "stdout",
     "output_type": "stream",
     "text": [
      " * postgres://dsa_ro_user:***@pgsql.dsa.lan/dvdrental\n",
      "13 rows affected.\n"
     ]
    },
    {
     "data": {
      "text/html": [
       "<table>\n",
       "    <tr>\n",
       "        <th>QUERY PLAN</th>\n",
       "    </tr>\n",
       "    <tr>\n",
       "        <td>Sort  (cost=262.65..265.15 rows=1000 width=23) (actual time=11.088..11.164 rows=997 loops=1)</td>\n",
       "    </tr>\n",
       "    <tr>\n",
       "        <td>&nbsp;&nbsp;Sort Key: film.title</td>\n",
       "    </tr>\n",
       "    <tr>\n",
       "        <td>&nbsp;&nbsp;Sort Method: quicksort  Memory: 102kB</td>\n",
       "    </tr>\n",
       "    <tr>\n",
       "        <td>&nbsp;&nbsp;-&gt;  HashAggregate  (cost=202.82..212.82 rows=1000 width=23) (actual time=8.170..8.359 rows=997 loops=1)</td>\n",
       "    </tr>\n",
       "    <tr>\n",
       "        <td>&nbsp;&nbsp;&nbsp;&nbsp;&nbsp;&nbsp;&nbsp;&nbsp;Group Key: film.title</td>\n",
       "    </tr>\n",
       "    <tr>\n",
       "        <td>&nbsp;&nbsp;&nbsp;&nbsp;&nbsp;&nbsp;&nbsp;&nbsp;-&gt;  Hash Join  (cost=76.50..175.51 rows=5462 width=15) (actual time=1.324..5.066 rows=5462 loops=1)</td>\n",
       "    </tr>\n",
       "    <tr>\n",
       "        <td>&nbsp;&nbsp;&nbsp;&nbsp;&nbsp;&nbsp;&nbsp;&nbsp;&nbsp;&nbsp;&nbsp;&nbsp;&nbsp;&nbsp;Hash Cond: (film_actor.film_id = film.film_id)</td>\n",
       "    </tr>\n",
       "    <tr>\n",
       "        <td>&nbsp;&nbsp;&nbsp;&nbsp;&nbsp;&nbsp;&nbsp;&nbsp;&nbsp;&nbsp;&nbsp;&nbsp;&nbsp;&nbsp;-&gt;  Seq Scan on film_actor  (cost=0.00..84.62 rows=5462 width=2) (actual time=0.048..1.120 rows=5462 loops=1)</td>\n",
       "    </tr>\n",
       "    <tr>\n",
       "        <td>&nbsp;&nbsp;&nbsp;&nbsp;&nbsp;&nbsp;&nbsp;&nbsp;&nbsp;&nbsp;&nbsp;&nbsp;&nbsp;&nbsp;-&gt;  Hash  (cost=64.00..64.00 rows=1000 width=19) (actual time=1.224..1.224 rows=1000 loops=1)</td>\n",
       "    </tr>\n",
       "    <tr>\n",
       "        <td>&nbsp;&nbsp;&nbsp;&nbsp;&nbsp;&nbsp;&nbsp;&nbsp;&nbsp;&nbsp;&nbsp;&nbsp;&nbsp;&nbsp;&nbsp;&nbsp;&nbsp;&nbsp;&nbsp;&nbsp;Buckets: 1024  Batches: 1  Memory Usage: 60kB</td>\n",
       "    </tr>\n",
       "    <tr>\n",
       "        <td>&nbsp;&nbsp;&nbsp;&nbsp;&nbsp;&nbsp;&nbsp;&nbsp;&nbsp;&nbsp;&nbsp;&nbsp;&nbsp;&nbsp;&nbsp;&nbsp;&nbsp;&nbsp;&nbsp;&nbsp;-&gt;  Seq Scan on film  (cost=0.00..64.00 rows=1000 width=19) (actual time=0.007..0.742 rows=1000 loops=1)</td>\n",
       "    </tr>\n",
       "    <tr>\n",
       "        <td>Planning time: 0.508 ms</td>\n",
       "    </tr>\n",
       "    <tr>\n",
       "        <td>Execution time: 11.417 ms</td>\n",
       "    </tr>\n",
       "</table>"
      ],
      "text/plain": [
       "[('Sort  (cost=262.65..265.15 rows=1000 width=23) (actual time=11.088..11.164 rows=997 loops=1)',),\n",
       " ('  Sort Key: film.title',),\n",
       " ('  Sort Method: quicksort  Memory: 102kB',),\n",
       " ('  ->  HashAggregate  (cost=202.82..212.82 rows=1000 width=23) (actual time=8.170..8.359 rows=997 loops=1)',),\n",
       " ('        Group Key: film.title',),\n",
       " ('        ->  Hash Join  (cost=76.50..175.51 rows=5462 width=15) (actual time=1.324..5.066 rows=5462 loops=1)',),\n",
       " ('              Hash Cond: (film_actor.film_id = film.film_id)',),\n",
       " ('              ->  Seq Scan on film_actor  (cost=0.00..84.62 rows=5462 width=2) (actual time=0.048..1.120 rows=5462 loops=1)',),\n",
       " ('              ->  Hash  (cost=64.00..64.00 rows=1000 width=19) (actual time=1.224..1.224 rows=1000 loops=1)',),\n",
       " ('                    Buckets: 1024  Batches: 1  Memory Usage: 60kB',),\n",
       " ('                    ->  Seq Scan on film  (cost=0.00..64.00 rows=1000 width=19) (actual time=0.007..0.742 rows=1000 loops=1)',),\n",
       " ('Planning time: 0.508 ms',),\n",
       " ('Execution time: 11.417 ms',)]"
      ]
     },
     "execution_count": 4,
     "metadata": {},
     "output_type": "execute_result"
    }
   ],
   "source": [
    "%%sql\n",
    "EXPLAIN ANALYZE\n",
    "SELECT film.title, count(*)\n",
    "FROM film_actor JOIN film USING (film_id)\n",
    "GROUP BY film.title\n",
    "ORDER BY film.title;"
   ]
  },
  {
   "cell_type": "code",
   "execution_count": 5,
   "metadata": {},
   "outputs": [
    {
     "name": "stdout",
     "output_type": "stream",
     "text": [
      " * postgres://dsa_ro_user:***@pgsql.dsa.lan/dvdrental\n",
      "3 rows affected.\n"
     ]
    },
    {
     "data": {
      "text/html": [
       "<table>\n",
       "    <tr>\n",
       "        <th>QUERY PLAN</th>\n",
       "    </tr>\n",
       "    <tr>\n",
       "        <td>Index Scan using idx_title on film  (cost=0.28..350.92 rows=1000 width=19) (actual time=0.228..26.090 rows=1000 loops=1)</td>\n",
       "    </tr>\n",
       "    <tr>\n",
       "        <td>Planning time: 0.152 ms</td>\n",
       "    </tr>\n",
       "    <tr>\n",
       "        <td>Execution time: 26.230 ms</td>\n",
       "    </tr>\n",
       "</table>"
      ],
      "text/plain": [
       "[('Index Scan using idx_title on film  (cost=0.28..350.92 rows=1000 width=19) (actual time=0.228..26.090 rows=1000 loops=1)',),\n",
       " ('Planning time: 0.152 ms',),\n",
       " ('Execution time: 26.230 ms',)]"
      ]
     },
     "execution_count": 5,
     "metadata": {},
     "output_type": "execute_result"
    }
   ],
   "source": [
    "%%sql\n",
    "EXPLAIN ANALYZE\n",
    "SELECT title, totalActors(film_id)\n",
    "FROM film\n",
    "ORDER BY title"
   ]
  },
  {
   "cell_type": "markdown",
   "metadata": {},
   "source": [
    "We can see that the query planner cannot optimize our full intention with this SQL using the function because it is an atomic operation in the eyes of the planner.\n",
    "Therefore, it **cannot** use any of its fancy efficiency tricks for multiple table integrations, such as the _Hash Join_.\n",
    "The effect is that the SQL with the function, which looks simple is actualy ~2.5x slower."
   ]
  },
  {
   "cell_type": "markdown",
   "metadata": {},
   "source": [
    "## SQL Function Example:\n",
    "\n",
    "We can achieve the same effect using an SQL language function.\n",
    "\n",
    "```SQL\n",
    "CREATE OR REPLACE FUNCTION totalActors_SQL (vFilmID integer)\n",
    "RETURNS integer AS $$\n",
    "   SELECT count(*)::int\n",
    "   FROM film_actor\n",
    "   WHERE film_id = $1;\n",
    "$$ \n",
    "SECURITY DEFINER \n",
    "STRICT\n",
    "LANGUAGE SQL;\n",
    "```\n",
    "\n",
    "You will notice there are subtle differences in the constructs, such as the missing `BEGIN` and `END`.\n",
    "\n",
    "```SQL\n",
    "dvdrental=# \\df totalActors_sql\n",
    "                             List of functions\n",
    " Schema |      Name       | Result data type | Argument data types |  Type  \n",
    "--------+-----------------+------------------+---------------------+--------\n",
    " public | totalactors_sql | integer          | vfilmid integer     | normal\n",
    "(1 row)\n",
    "```\n"
   ]
  },
  {
   "cell_type": "code",
   "execution_count": null,
   "metadata": {},
   "outputs": [],
   "source": [
    "%%sql\n",
    "SELECT title, totalActors_sql(film_id)\n",
    "FROM film\n",
    "ORDER BY title\n",
    "LIMIT 10;"
   ]
  },
  {
   "cell_type": "code",
   "execution_count": null,
   "metadata": {},
   "outputs": [],
   "source": [
    "%%sql\n",
    "EXPLAIN ANALYZE\n",
    "SELECT title, totalActors_sql(film_id)\n",
    "FROM film\n",
    "ORDER BY title"
   ]
  },
  {
   "cell_type": "markdown",
   "metadata": {},
   "source": [
    "What we can see is that conceptually, the SQL function is a parameterized query.\n",
    "They are similar to the concept of the _prepared statement_ in procedural programming database access.\n",
    "\n",
    "\n",
    "In PostgreSQL and some other advanced DBMS, functions are the tool in which _Triggers_ are written.\n",
    "Triggers are coming in the next lesson.\n"
   ]
  },
  {
   "cell_type": "markdown",
   "metadata": {},
   "source": [
    "# PostgreSQL Extensions\n",
    "\n",
    "PostgreSQL is capable of supporting numerous extesions, in part because of the ease with which procedural code from a variety of languages can be added to the database.\n",
    "\n",
    "For instance, a very popular extension to PostgreSQL is the PostGIS geospatial database extensions.\n",
    "This extension adds various data types, data, and functions to the database.\n",
    "Functions are a element of this extension, usually defined as `public.st_*`\n",
    "\n",
    "Example of PostGIS Query with function:\n",
    "\n",
    "  * What are the three largest countries by area that have a `FIPS` code starting with `U`, based on border polygons?\n",
    "\n",
    "This query brings a spatial measurement into the query condition. There are several ways of approaching this problem, but the most efficient is below:\n",
    "\n",
    "\n",
    "```SQL\n",
    "SELECT fips, iso3\n",
    " , (st_area(the_geom::geography)/(1000^2))::int as square_km\n",
    " -- Note, this FROM is using a schema.table name convention\n",
    "FROM geospatial.country_borders \n",
    "WHERE fips LIKE 'U%' \n",
    "ORDER BY 2 DESC\n",
    "LIMIT 3;\n",
    "\n",
    "\n",
    " fips | iso3 | square_km \n",
    "------+------+-----------\n",
    " UZ   | UZB  |    446706\n",
    " US   | USA  |   9469924\n",
    " UY   | URY  |    177843\n",
    "(3 rows)\n",
    "\n",
    "\n",
    "```\n",
    "\n",
    "**Note:** The above SQL needs to run in the regular `dsa_ro` database, not the dvdrental."
   ]
  }
 ],
 "metadata": {
  "kernelspec": {
   "display_name": "Python 3",
   "language": "python",
   "name": "python3"
  },
  "language_info": {
   "codemirror_mode": {
    "name": "ipython",
    "version": 3
   },
   "file_extension": ".py",
   "mimetype": "text/x-python",
   "name": "python",
   "nbconvert_exporter": "python",
   "pygments_lexer": "ipython3",
   "version": "3.7.3"
  },
  "latex_envs": {
   "LaTeX_envs_menu_present": true,
   "bibliofile": "biblio.bib",
   "cite_by": "apalike",
   "current_citInitial": 1,
   "eqLabelWithNumbers": true,
   "eqNumInitial": 1,
   "labels_anchors": false,
   "latex_user_defs": false,
   "report_style_numbering": false,
   "user_envs_cfg": false
  },
  "toc": {
   "colors": {
    "hover_highlight": "#DAA520",
    "running_highlight": "#FF0000",
    "selected_highlight": "#FFD700"
   },
   "moveMenuLeft": true,
   "nav_menu": {
    "height": "121.08px",
    "width": "251.989px"
   },
   "navigate_menu": true,
   "number_sections": true,
   "sideBar": true,
   "threshold": 4,
   "toc_cell": true,
   "toc_section_display": "block",
   "toc_window_display": false
  }
 },
 "nbformat": 4,
 "nbformat_minor": 1
}
